[33680:31464:0108/004806.341:WARNING:chrome_main_delegate.cc(745)] This is Chrome version 128.0.6613.138 (not a warning)
[33680:49352:0108/004806.512:ERROR:google_update_settings.cc(265)] Failed opening key Software\Chromium to set usagestats; result: 5
[33680:31464:0108/004806.521:WARNING:account_consistency_mode_manager.cc(77)] Desktop Identity Consistency cannot be enabled as no OAuth client ID and client secret have been configured.
[34676:39768:0108/004815.288:WARNING:frame_impl.cc(430)] virtual CefFrameImpl::SendProcessMessage sent to detached frame 5-686C53BD03CFF7A752CC10E32AB9BFFC will be ignored
[39368:12520:0108/004817.170:ERROR:ssl_client_socket_impl.cc(882)] handshake failed; returned -1, SSL error code 1, net_error -101
[33680:31464:0108/004817.288:WARNING:browser_info.cc(345)] Returning a speculative frame for [10,5]
[33680:31464:0108/004817.288:WARNING:browser_info.cc(345)] Returning a speculative frame for [10,5]
[33680:31464:0108/004817.288:WARNING:browser_info.cc(345)] Returning a speculative frame for [10,5]
[33680:31464:0108/004817.289:WARNING:browser_info.cc(345)] Returning a speculative frame for [10,5]
[39368:12520:0108/004817.474:ERROR:ssl_client_socket_impl.cc(882)] handshake failed; returned -1, SSL error code 1, net_error -100
[33680:25452:0108/004817.694:WARNING:browser_info.cc(345)] Returning a speculative frame for [10,5]
[33680:31464:0108/004819.527:ERROR:browser_info_manager.cc(781)] Timeout of new browser info response for frame 7-10901843214516F8D65F59F7BCA70B27 (has_rfh=0)
[39368:12520:0108/004820.100:ERROR:ssl_client_socket_impl.cc(882)] handshake failed; returned -1, SSL error code 1, net_error -100
[39368:12520:0108/004820.344:ERROR:ssl_client_socket_impl.cc(882)] handshake failed; returned -1, SSL error code 1, net_error -101
[39368:12520:0108/004830.008:ERROR:ssl_client_socket_impl.cc(882)] handshake failed; returned -1, SSL error code 1, net_error -101
[39368:12520:0108/004830.214:ERROR:ssl_client_socket_impl.cc(882)] handshake failed; returned -1, SSL error code 1, net_error -100
[39368:12520:0108/004838.012:ERROR:ssl_client_socket_impl.cc(882)] handshake failed; returned -1, SSL error code 1, net_error -101
[39368:12520:0108/004838.186:ERROR:ssl_client_socket_impl.cc(882)] handshake failed; returned -1, SSL error code 1, net_error -101
[39368:12520:0108/005017.487:ERROR:ssl_client_socket_impl.cc(882)] handshake failed; returned -1, SSL error code 1, net_error -107
[39368:12520:0108/005017.675:ERROR:ssl_client_socket_impl.cc(882)] handshake failed; returned -1, SSL error code 1, net_error -100
[39368:12520:0108/005029.757:ERROR:ssl_client_socket_impl.cc(882)] handshake failed; returned -1, SSL error code 1, net_error -100
[11628:3380:0108/005034.841:ERROR:shared_image_manager.cc(224)] SharedImageManager::ProduceSkia: Trying to Produce a Skia representation from a non-existent mailbox.
[39368:12520:0108/005043.592:ERROR:ssl_client_socket_impl.cc(882)] handshake failed; returned -1, SSL error code 1, net_error -100
[39368:12520:0108/013620.400:ERROR:ssl_client_socket_impl.cc(882)] handshake failed; returned -1, SSL error code 1, net_error -107
[39368:12520:0108/013621.061:ERROR:ssl_client_socket_impl.cc(882)] handshake failed; returned -1, SSL error code 1, net_error -100
[39368:12520:0108/013632.071:ERROR:ssl_client_socket_impl.cc(882)] handshake failed; returned -1, SSL error code 1, net_error -101
[39368:12520:0108/013642.584:ERROR:ssl_client_socket_impl.cc(882)] handshake failed; returned -1, SSL error code 1, net_error -101
[33680:31464:0108/014332.355:WARNING:pref_notifier_impl.cc(41)] Pref observer for media_router.cast_allow_all_ips found at shutdown.
